<?xml version="1.0" encoding="UTF-8"?>
<testng-results ignored="0" total="1" passed="1" failed="0" skipped="0">
  <reporter-output>
  </reporter-output>
  <suite started-at="2022-09-02T16:40:08 EDT" name="Default suite" finished-at="2022-09-02T16:40:19 EDT" duration-ms="11714">
    <groups>
    </groups>
    <test started-at="2022-09-02T16:40:08 EDT" name="Default test" finished-at="2022-09-02T16:40:19 EDT" duration-ms="11714">
      <class name="test.AddCustomerTest">
        <test-method signature="validUserShouldBeAbleToLogin()[pri:0, instance:test.AddCustomerTest@3246fb96]" started-at="2022-09-02T16:40:08 EDT" name="validUserShouldBeAbleToLogin" finished-at="2022-09-02T16:40:19 EDT" duration-ms="11685" status="PASS">
          <reporter-output>
          </reporter-output>
        </test-method> <!-- validUserShouldBeAbleToLogin -->
      </class> <!-- test.AddCustomerTest -->
    </test> <!-- Default test -->
  </suite> <!-- Default suite -->
</testng-results>
